2022-03-06 12:10:52,424 - config.doExcel - INFO - 开始获取[elementDate.xlsx]的[elementsInfo]表
2022-03-06 12:10:52,439 - config.doExcel - INFO - 开始获取[elementDate.xlsx]的[loginData]表
2022-03-06 12:10:52,439 - config.doExcel - INFO - 创建表[loginData]的数据字典
2022-03-06 12:10:54,008 - common.myUnit - INFO - 打开浏览器
2022-03-06 12:10:54,014 - common.myUnit - INFO - ************************ 开始执行测试用例 ************************
2022-03-06 12:10:54,445 - pageObject.basePage - INFO - 成功进入http://127.0.0.1:8081/login 
2022-03-06 12:10:54,593 - pageObject.basePage - INFO - http://127.0.0.1:8081/login 加载成功!
2022-03-06 12:10:54,594 - testLogin - INFO -    *** 登录测试用例：loginTest-01 开启密码登陆的教师账号和正确的密码 ***
2022-03-06 12:10:54,788 - pageObject.basePage - INFO - 输入 [admin]
2022-03-06 12:10:54,890 - pageObject.basePage - INFO - 输入 [123456]
2022-03-06 12:10:55,282 - pageObject.basePage - INFO - 点击Sign in
2022-03-06 12:10:56,918 - pageObject.basePage - INFO - 点击教务管理员
2022-03-06 12:11:16,859 - pageObject.basePage - ERROR - 元素定位超时：('xpath', '//*[@id="content"]/div[1]/nav/ul/li[2]/div')
Traceback (most recent call last):
  File "D:\Software\PycharmProjects\sccProjects\pageObject\basePage.py", line 61, in findElement
    WebDriverWait(self.driver,10).until(EC.visibility_of_element_located(loc))
  File "D:\Software\python\Anaconda\lib\site-packages\selenium\webdriver\support\wait.py", line 71, in until
    value = method(self._driver)
  File "D:\Software\python\Anaconda\lib\site-packages\selenium\webdriver\support\expected_conditions.py", line 128, in __call__
    return _element_if_visible(_find_element(driver, self.locator))
  File "D:\Software\python\Anaconda\lib\site-packages\selenium\webdriver\support\expected_conditions.py", line 415, in _find_element
    raise e
  File "D:\Software\python\Anaconda\lib\site-packages\selenium\webdriver\support\expected_conditions.py", line 411, in _find_element
    return driver.find_element(*by)
  File "D:\Software\python\Anaconda\lib\site-packages\selenium\webdriver\remote\webdriver.py", line 978, in find_element
    'value': value})['value']
  File "D:\Software\python\Anaconda\lib\site-packages\selenium\webdriver\remote\webdriver.py", line 321, in execute
    self.error_handler.check_response(response)
  File "D:\Software\python\Anaconda\lib\site-packages\selenium\webdriver\remote\errorhandler.py", line 242, in check_response
    raise exception_class(message, screen, stacktrace)
selenium.common.exceptions.WebDriverException: Message: chrome not reachable
  (Session info: chrome=99.0.4844.51)

2022-03-06 12:11:16,859 - testLogin - INFO - 登录测试用例：loginTest-01 未通过！
2022-03-06 12:11:16,859 - testLogin - ERROR - 登录测试用例：%s 成功进入首页，但未成功登录
Traceback (most recent call last):
  File "D:\Software\PycharmProjects\sccProjects\testCase\testLogin.py", line 47, in test_login
    self.login.clickTuichuBtn()
  File "D:\Software\PycharmProjects\sccProjects\pageObject\loginPage.py", line 71, in clickTuichuBtn
    self.click(*self.tuichu)
  File "D:\Software\PycharmProjects\sccProjects\pageObject\basePage.py", line 80, in click
    text = self.getVal(*loc)
  File "D:\Software\PycharmProjects\sccProjects\pageObject\basePage.py", line 121, in getVal
    element = self.findElement(*loc)
  File "D:\Software\PycharmProjects\sccProjects\pageObject\basePage.py", line 64, in findElement
    raise e
  File "D:\Software\PycharmProjects\sccProjects\pageObject\basePage.py", line 61, in findElement
    WebDriverWait(self.driver,10).until(EC.visibility_of_element_located(loc))
  File "D:\Software\python\Anaconda\lib\site-packages\selenium\webdriver\support\wait.py", line 71, in until
    value = method(self._driver)
  File "D:\Software\python\Anaconda\lib\site-packages\selenium\webdriver\support\expected_conditions.py", line 128, in __call__
    return _element_if_visible(_find_element(driver, self.locator))
  File "D:\Software\python\Anaconda\lib\site-packages\selenium\webdriver\support\expected_conditions.py", line 415, in _find_element
    raise e
  File "D:\Software\python\Anaconda\lib\site-packages\selenium\webdriver\support\expected_conditions.py", line 411, in _find_element
    return driver.find_element(*by)
  File "D:\Software\python\Anaconda\lib\site-packages\selenium\webdriver\remote\webdriver.py", line 978, in find_element
    'value': value})['value']
  File "D:\Software\python\Anaconda\lib\site-packages\selenium\webdriver\remote\webdriver.py", line 321, in execute
    self.error_handler.check_response(response)
  File "D:\Software\python\Anaconda\lib\site-packages\selenium\webdriver\remote\errorhandler.py", line 242, in check_response
    raise exception_class(message, screen, stacktrace)
selenium.common.exceptions.WebDriverException: Message: chrome not reachable
  (Session info: chrome=99.0.4844.51)

2022-03-06 12:11:17,562 - common.myUnit - INFO - ************************ 测试用例执行结束 ************************
2022-03-06 12:11:17,562 - common.myUnit - INFO - ************************ 开始执行测试用例 ************************
2022-03-06 12:11:29,753 - pageObject.basePage - ERROR - Message: chrome not reachable
  (Session info: chrome=99.0.4844.51)
Traceback (most recent call last):
  File "D:\Software\PycharmProjects\sccProjects\pageObject\basePage.py", line 34, in _open
    self.driver.get(url)
  File "D:\Software\python\Anaconda\lib\site-packages\selenium\webdriver\remote\webdriver.py", line 333, in get
    self.execute(Command.GET, {'url': url})
  File "D:\Software\python\Anaconda\lib\site-packages\selenium\webdriver\remote\webdriver.py", line 321, in execute
    self.error_handler.check_response(response)
  File "D:\Software\python\Anaconda\lib\site-packages\selenium\webdriver\remote\errorhandler.py", line 242, in check_response
    raise exception_class(message, screen, stacktrace)
selenium.common.exceptions.WebDriverException: Message: chrome not reachable
  (Session info: chrome=99.0.4844.51)

2022-03-06 12:11:30,468 - common.myUnit - INFO - ************************ 测试用例执行结束 ************************
